2017-11-15 03:44:17.024  INFO 4401 --- [main] c.g.r.ReplicationDriverApplication       : Starting ReplicationDriverApplication on MacBook.local with PID 4401 (/Users/gaotingwang/Documents/IdeaProjects/demo/skill-util/replication-driver/target/classes started by gaotingwang in /Users/gaotingwang/Documents/IdeaProjects/demo/skill-util)
2017-11-15 03:44:17.048  INFO 4401 --- [main] c.g.r.ReplicationDriverApplication       : No active profile set, falling back to default profiles: default
2017-11-15 03:44:17.246  INFO 4401 --- [main] ationConfigEmbeddedWebApplicationContext : Refreshing org.springframework.boot.context.embedded.AnnotationConfigEmbeddedWebApplicationContext@5884a914: startup date [Wed Nov 15 03:44:17 CST 2017]; root of context hierarchy
2017-11-15 03:44:19.833  INFO 4401 --- [main] s.b.c.e.t.TomcatEmbeddedServletContainer : Tomcat initialized with port(s): 8080 (http)
2017-11-15 03:44:19.855  INFO 4401 --- [main] o.apache.catalina.core.StandardService   : Starting service [Tomcat]
2017-11-15 03:44:19.857  INFO 4401 --- [main] org.apache.catalina.core.StandardEngine  : Starting Servlet Engine: Apache Tomcat/8.5.20
2017-11-15 03:44:20.022  INFO 4401 --- [localhost-startStop-1] o.a.c.c.C.[Tomcat].[localhost].[/]       : Initializing Spring embedded WebApplicationContext
2017-11-15 03:44:20.022  INFO 4401 --- [localhost-startStop-1] o.s.web.context.ContextLoader            : Root WebApplicationContext: initialization completed in 2783 ms
2017-11-15 03:44:20.255  INFO 4401 --- [localhost-startStop-1] o.s.b.w.servlet.ServletRegistrationBean  : Mapping servlet: 'dispatcherServlet' to [/]
2017-11-15 03:44:20.264  INFO 4401 --- [localhost-startStop-1] o.s.b.w.servlet.FilterRegistrationBean   : Mapping filter: 'characterEncodingFilter' to: [/*]
2017-11-15 03:44:20.264  INFO 4401 --- [localhost-startStop-1] o.s.b.w.servlet.FilterRegistrationBean   : Mapping filter: 'hiddenHttpMethodFilter' to: [/*]
2017-11-15 03:44:20.265  INFO 4401 --- [localhost-startStop-1] o.s.b.w.servlet.FilterRegistrationBean   : Mapping filter: 'httpPutFormContentFilter' to: [/*]
2017-11-15 03:44:20.265  INFO 4401 --- [localhost-startStop-1] o.s.b.w.servlet.FilterRegistrationBean   : Mapping filter: 'requestContextFilter' to: [/*]
2017-11-15 03:44:21.389  INFO 4401 --- [main] s.w.s.m.m.a.RequestMappingHandlerAdapter : Looking for @ControllerAdvice: org.springframework.boot.context.embedded.AnnotationConfigEmbeddedWebApplicationContext@5884a914: startup date [Wed Nov 15 03:44:17 CST 2017]; root of context hierarchy
2017-11-15 03:44:21.563  INFO 4401 --- [main] s.w.s.m.m.a.RequestMappingHandlerMapping : Mapped "{[/users/{userId}],methods=[DELETE]}" onto public void com.gtw.replication.controller.UserController.delete(java.lang.Long)
2017-11-15 03:44:21.564  INFO 4401 --- [main] s.w.s.m.m.a.RequestMappingHandlerMapping : Mapped "{[/users],methods=[POST]}" onto public java.lang.Long com.gtw.replication.controller.UserController.save(com.gtw.replication.domain.User)
2017-11-15 03:44:21.565  INFO 4401 --- [main] s.w.s.m.m.a.RequestMappingHandlerMapping : Mapped "{[/users/{userId}],methods=[GET]}" onto public com.gtw.replication.domain.User com.gtw.replication.controller.UserController.getUser(java.lang.Long)
2017-11-15 03:44:21.565  INFO 4401 --- [main] s.w.s.m.m.a.RequestMappingHandlerMapping : Mapped "{[/writeUsers],methods=[POST]}" onto public void com.gtw.replication.controller.UserController.writeAndRead(com.gtw.replication.domain.User)
2017-11-15 03:44:21.566  INFO 4401 --- [main] s.w.s.m.m.a.RequestMappingHandlerMapping : Mapped "{[/users],methods=[GET]}" onto public java.util.List<com.gtw.replication.domain.User> com.gtw.replication.controller.UserController.getUsers()
2017-11-15 03:44:21.568  INFO 4401 --- [main] s.w.s.m.m.a.RequestMappingHandlerMapping : Mapped "{[/error]}" onto public org.springframework.http.ResponseEntity<java.util.Map<java.lang.String, java.lang.Object>> org.springframework.boot.autoconfigure.web.BasicErrorController.error(javax.servlet.http.HttpServletRequest)
2017-11-15 03:44:21.569  INFO 4401 --- [main] s.w.s.m.m.a.RequestMappingHandlerMapping : Mapped "{[/error],produces=[text/html]}" onto public org.springframework.web.servlet.ModelAndView org.springframework.boot.autoconfigure.web.BasicErrorController.errorHtml(javax.servlet.http.HttpServletRequest,javax.servlet.http.HttpServletResponse)
2017-11-15 03:44:21.621  INFO 4401 --- [main] o.s.w.s.handler.SimpleUrlHandlerMapping  : Mapped URL path [/webjars/**] onto handler of type [class org.springframework.web.servlet.resource.ResourceHttpRequestHandler]
2017-11-15 03:44:21.621  INFO 4401 --- [main] o.s.w.s.handler.SimpleUrlHandlerMapping  : Mapped URL path [/**] onto handler of type [class org.springframework.web.servlet.resource.ResourceHttpRequestHandler]
2017-11-15 03:44:21.732  INFO 4401 --- [main] o.s.w.s.handler.SimpleUrlHandlerMapping  : Mapped URL path [/**/favicon.ico] onto handler of type [class org.springframework.web.servlet.resource.ResourceHttpRequestHandler]
2017-11-15 03:44:22.195  INFO 4401 --- [main] o.s.j.e.a.AnnotationMBeanExporter        : Registering beans for JMX exposure on startup
2017-11-15 03:44:22.331  INFO 4401 --- [main] s.b.c.e.t.TomcatEmbeddedServletContainer : Tomcat started on port(s): 8080 (http)
2017-11-15 03:44:22.338  INFO 4401 --- [main] c.g.r.ReplicationDriverApplication       : Started ReplicationDriverApplication in 6.514 seconds (JVM running for 7.396)
2017-11-15 03:44:33.884  INFO 4401 --- [http-nio-8080-exec-1] o.a.c.c.C.[Tomcat].[localhost].[/]       : Initializing Spring FrameworkServlet 'dispatcherServlet'
2017-11-15 03:44:33.886  INFO 4401 --- [http-nio-8080-exec-1] o.s.web.servlet.DispatcherServlet        : FrameworkServlet 'dispatcherServlet': initialization started
2017-11-15 03:44:33.913  INFO 4401 --- [http-nio-8080-exec-1] o.s.web.servlet.DispatcherServlet        : FrameworkServlet 'dispatcherServlet': initialization completed in 27 ms
